19:53:27 **** Build of configuration gcc-debug for project PANE ****
make MODE=debug CONFIGNAME=gcc-debug all 
MSGC: star.msg
star_m.cc
Creating executable: out/gcc-debug//PANE
/usr/bin/ld: cannot find -lSockList.h
Makefile:99: recipe for target 'out/gcc-debug//PANE' failed
collect2: error: ld returned 1 exit status
make: *** [out/gcc-debug//PANE] Error 1
20:19:54 **** Incremental Build of configuration gcc-debug for project PANE ****
make MODE=debug CONFIGNAME=gcc-debug all 
MSGC: star.msg
client.cc
client.cc: In member function ‘void mod::notifyBookSim(int, int)’:
client.cc:899:19: warning: unused variable ‘flag’ [-Wunused-variable]
             Star *flag = new Star();
                   ^
source.cc
sink.cc
outputbuffer.cc
inputbuffer.cc
controller.cc
packets_m.cc
star_m.cc
Creating executable: out/gcc-debug//PANE
/usr/bin/ld: cannot find -lSockList.h
Makefile:99: recipe for target 'out/gcc-debug//PANE' failed
collect2: error: ld returned 1 exit status
make: *** [out/gcc-debug//PANE] Error 1
20:20:06 **** Incremental Build of configuration gcc-debug for project PANE ****
make MODE=debug CONFIGNAME=gcc-debug all 
Creating executable: out/gcc-debug//PANE
/usr/bin/ld: cannot find -lSockList.h
Makefile:99: recipe for target 'out/gcc-debug//PANE' failed
collect2: error: ld returned 1 exit status
make: *** [out/gcc-debug//PANE] Error 1
